Adding 1 with value +1 to Renyi-1 calculation
Adding <X1> with value +8.628828413e-18 to Renyi-1 calculation
Adding <Y1> with value -1 to Renyi-1 calculation
Adding <Z1> with value +0.9999970936 to Renyi-1 calculation
Adding <X2> with value -6.752477222e-18 to Renyi-1 calculation
Adding <Y2> with value -1 to Renyi-1 calculation
Adding <Z2> with value +0.9999968667 to Renyi-1 calculation
Adding <X3> with value -6.902764848e-18 to Renyi-1 calculation
Adding <Y3> with value -1 to Renyi-1 calculation
Adding <Z3> with value +0.9999971218 to Renyi-1 calculation
Adding <X1X2> with value +0.0007990131254 to Renyi-1 calculation
Adding <X1Y2> with value -0.01287845335 to Renyi-1 calculation
Adding <X1Z2> with value +8.626232597e-18 to Renyi-1 calculation
Adding <X1X3> with value +8.988617638e-07 to Renyi-1 calculation
Adding <X1Y3> with value -1 to Renyi-1 calculation
Adding <X1Z3> with value +8.649508541e-18 to Renyi-1 calculation
Adding <Y1X2> with value +0.01291064949 to Renyi-1 calculation
Adding <Y1Y2> with value -0.0007989866982 to Renyi-1 calculation
Adding <Y1Z2> with value -1 to Renyi-1 calculation
Adding <Y1X3> with value -1 to Renyi-1 calculation
Adding <Y1Y3> with value -3.747659859e-07 to Renyi-1 calculation
Adding <Y1Z3> with value -1 to Renyi-1 calculation
Adding <Z1X2> with value -6.741365786e-18 to Renyi-1 calculation
Adding <Z1Y2> with value -1 to Renyi-1 calculation
Adding <Z1Z2> with value +0.9999962459 to Renyi-1 calculation
Adding <Z1X3> with value -6.92685936e-18 to Renyi-1 calculation
Adding <Z1Y3> with value -1 to Renyi-1 calculation
Adding <Z1Z3> with value +0.9999958966 to Renyi-1 calculation
Adding <X2X3> with value +0.0007969999872 to Renyi-1 calculation
Adding <X2Y3> with value +0.01290170418 to Renyi-1 calculation
Adding <X2Z3> with value -6.771564438e-18 to Renyi-1 calculation
Adding <Y2X3> with value -0.01293387801 to Renyi-1 calculation
Adding <Y2Y3> with value -0.0007970197317 to Renyi-1 calculation
Adding <Y2Z3> with value -1 to Renyi-1 calculation
Adding <Z2X3> with value -6.896361837e-18 to Renyi-1 calculation
Adding <Z2Y3> with value -1 to Renyi-1 calculation
Adding <Z2Z3> with value +0.9999962676 to Renyi-1 calculation
Adding <X1X2X3> with value +6.018211245e-18 to Renyi-1 calculation
Adding <X1X2Y3> with value -1 to Renyi-1 calculation
Adding <X1X2Z3> with value +0.0007990112184 to Renyi-1 calculation
Adding <X1Y2X3> with value -1 to Renyi-1 calculation
Adding <X1Y2Y3> with value -6.079205699e-18 to Renyi-1 calculation
Adding <X1Y2Z3> with value -1 to Renyi-1 calculation
Adding <X1Z2X3> with value +2.696009038e-07 to Renyi-1 calculation
Adding <X1Z2Y3> with value -0.004855833121 to Renyi-1 calculation
Adding <X1Z2Z3> with value +8.649970628e-18 to Renyi-1 calculation
Adding <Y1X2X3> with value -1 to Renyi-1 calculation
Adding <Y1X2Y3> with value -6.045610004e-18 to Renyi-1 calculation
Adding <Y1X2Z3> with value -1 to Renyi-1 calculation
Adding <Y1Y2X3> with value -6.050301178e-18 to Renyi-1 calculation
Adding <Y1Y2Y3> with value -1 to Renyi-1 calculation
Adding <Y1Y2Z3> with value -0.0007989871973 to Renyi-1 calculation
Adding <Y1Z2X3> with value +0.004793885646 to Renyi-1 calculation
Adding <Y1Z2Y3> with value -1.004029949e-06 to Renyi-1 calculation
Adding <Y1Z2Z3> with value -1 to Renyi-1 calculation
Adding <Z1X2X3> with value +0.0007970003133 to Renyi-1 calculation
Adding <Z1X2Y3> with value -1 to Renyi-1 calculation
Adding <Z1X2Z3> with value -6.751689434e-18 to Renyi-1 calculation
Adding <Z1Y2X3> with value -1 to Renyi-1 calculation
Adding <Z1Y2Y3> with value -0.0007970179639 to Renyi-1 calculation
Adding <Z1Y2Z3> with value -1 to Renyi-1 calculation
Adding <Z1Z2X3> with value -6.922228224e-18 to Renyi-1 calculation
Adding <Z1Z2Y3> with value -1 to Renyi-1 calculation
Adding <Z1Z2Z3> with value +0.9999959631 to Renyi-1 calculation
Sum of squares for Renyi-1: 29.00066884
Renyi-1 entropy (subsystem {1,2,3}): -2.625083606
Renyi-2 entropy: 0.9656816107
